<?xml version="1.0" encoding="UTF-8"?>
<testsuite xmlns:xsi="http://www.w3.org/2001/XMLSchema-instance" xsi:noNamespaceSchemaLocation="https://maven.apache.org/surefire/maven-surefire-plugin/xsd/surefire-test-report-3.0.xsd" version="3.0" name="dk.sdu.mmmi.Enemy.EnemyProcessorTest" time="0.462" tests="1" errors="0" skipped="0" failures="1">
  <properties>
    <property name="java.specification.version" value="13"/>
    <property name="sun.cpu.isalist" value="amd64"/>
    <property name="sun.jnu.encoding" value="Cp1252"/>
    <property name="java.class.path" value="C:\Users\Shark\Desktop\SDU\Semester_4\Semesterprojekt\SemesterprojektF21\osgi-project\dk.sdu.mmmi.Enemy\target\test-classes;C:\Users\Shark\Desktop\SDU\Semester_4\Semesterprojekt\SemesterprojektF21\osgi-project\dk.sdu.mmmi.Enemy\target\classes;C:\Users\Shark\.m2\repository\org\osgi\osgi_R4_core\1.0\osgi_R4_core-1.0.jar;C:\Users\Shark\.m2\repository\org\osgi\osgi_R4_compendium\1.0\osgi_R4_compendium-1.0.jar;C:\Users\Shark\.m2\repository\org\sonatype\mcookbook\osgi-project\Common\1.0-SNAPSHOT\Common-1.0-SNAPSHOT.jar;C:\Users\Shark\.m2\repository\org\sonatype\mcookbook\osgi-project\Libgdx\1.0-SNAPSHOT-001-SNAPSHOT\Libgdx-1.0-SNAPSHOT-001-SNAPSHOT.jar;C:\Users\Shark\.m2\repository\com\badlogicgames\gdx\gdx-platform\1.5.0\gdx-platform-1.5.0.jar;C:\Users\Shark\.m2\repository\com\badlogicgames\gdx\gdx-backend-lwjgl\1.5.0\gdx-backend-lwjgl-1.5.0.jar;C:\Users\Shark\.m2\repository\org\lwjgl\lwjgl\lwjgl\2.9.1\lwjgl-2.9.1.jar;C:\Users\Shark\.m2\repository\org\lwjgl\lwjgl\lwjgl-platform\2.9.1\lwjgl-platform-2.9.1-natives-windows.jar;C:\Users\Shark\.m2\repository\org\lwjgl\lwjgl\lwjgl-platform\2.9.1\lwjgl-platform-2.9.1-natives-linux.jar;C:\Users\Shark\.m2\repository\org\lwjgl\lwjgl\lwjgl-platform\2.9.1\lwjgl-platform-2.9.1-natives-osx.jar;C:\Users\Shark\.m2\repository\net\java\jinput\jinput\2.0.5\jinput-2.0.5.jar;C:\Users\Shark\.m2\repository\net\java\jutils\jutils\1.0.0\jutils-1.0.0.jar;C:\Users\Shark\.m2\repository\net\java\jinput\jinput-platform\2.0.5\jinput-platform-2.0.5-natives-linux.jar;C:\Users\Shark\.m2\repository\net\java\jinput\jinput-platform\2.0.5\jinput-platform-2.0.5-natives-windows.jar;C:\Users\Shark\.m2\repository\net\java\jinput\jinput-platform\2.0.5\jinput-platform-2.0.5-natives-osx.jar;C:\Users\Shark\.m2\repository\org\lwjgl\lwjgl\lwjgl_util\2.9.1\lwjgl_util-2.9.1.jar;C:\Users\Shark\.m2\repository\com\badlogicgames\jlayer\jlayer\1.0.1-gdx\jlayer-1.0.1-gdx.jar;C:\Users\Shark\.m2\repository\org\jcraft\jorbis\0.0.17\jorbis-0.0.17.jar;C:\Users\Shark\.m2\repository\com\badlogicgames\gdx\gdx-box2d\1.5.0\gdx-box2d-1.5.0.jar;C:\Users\Shark\.m2\repository\com\badlogicgames\gdx\gdx-ai\1.8.1\gdx-ai-1.8.1.jar;C:\Users\Shark\.m2\repository\com\badlogicgames\gdx\gdx-freetype\1.5.0\gdx-freetype-1.5.0.jar;C:\Users\Shark\.m2\repository\com\badlogicgames\gdx\gdx-platform\1.5.0\gdx-platform-1.5.0-natives-desktop.jar;C:\Users\Shark\.m2\repository\com\badlogicgames\gdx\gdx-box2d-platform\1.5.0\gdx-box2d-platform-1.5.0-natives-desktop.jar;C:\Users\Shark\.m2\repository\com\badlogicgames\gdx\gdx-freetype-platform\1.5.0\gdx-freetype-platform-1.5.0-natives-desktop.jar;C:\Users\Shark\.m2\repository\com\badlogicgames\gdx\gdx-jnigen\1.5.0\gdx-jnigen-1.5.0.jar;C:\Users\Shark\.m2\repository\com\google\code\javaparser\javaparser\1.0.8\javaparser-1.0.8.jar;C:\Users\Shark\.m2\repository\com\diffplug\osgi\com.diffplug.osgi.extension.sun.misc\0.0.0\com.diffplug.osgi.extension.sun.misc-0.0.0.jar;C:\Users\Shark\.m2\repository\com\diffplug\osgi\com.diffplug.osgi.extension.sun.reflect\0.0.0\com.diffplug.osgi.extension.sun.reflect-0.0.0.jar;C:\Users\Shark\.m2\repository\org\osgi\org.osgi.core\4.3.0\org.osgi.core-4.3.0.jar;C:\Users\Shark\.m2\repository\org\sonatype\mcookbook\osgi-project\dk.sdu.mmmi.commonEnemy\1.0-SNAPSHOT\dk.sdu.mmmi.commonEnemy-1.0-SNAPSHOT.jar;C:\Users\Shark\.m2\repository\org\sonatype\mcookbook\osgi-project\dk.sdu.mmmi.ai\1.0-SNAPSHOT\dk.sdu.mmmi.ai-1.0-SNAPSHOT.jar;C:\Users\Shark\.m2\repository\org\sonatype\mcookbook\osgi-project\Player\1.0-SNAPSHOT\Player-1.0-SNAPSHOT.jar;C:\Users\Shark\.m2\repository\org\netbeans\api\org-openide-util-lookup\RELEASE112\org-openide-util-lookup-RELEASE112.jar;C:\Users\Shark\.m2\repository\org\sonatype\mcookbook\osgi-project\AttackSystem\1.0-SNAPSHOT\AttackSystem-1.0-SNAPSHOT.jar;C:\Users\Shark\.m2\repository\com\badlogicgames\gdx\gdx\1.9.10\gdx-1.9.10.jar;C:\Users\Shark\.m2\repository\org\junit\jupiter\junit-jupiter-api\5.3.1\junit-jupiter-api-5.3.1.jar;C:\Users\Shark\.m2\repository\org\apiguardian\apiguardian-api\1.0.0\apiguardian-api-1.0.0.jar;C:\Users\Shark\.m2\repository\org\opentest4j\opentest4j\1.1.1\opentest4j-1.1.1.jar;C:\Users\Shark\.m2\repository\org\junit\platform\junit-platform-commons\1.3.1\junit-platform-commons-1.3.1.jar;C:\Users\Shark\.m2\repository\org\junit\jupiter\junit-jupiter-params\5.3.1\junit-jupiter-params-5.3.1.jar;C:\Users\Shark\.m2\repository\org\junit\jupiter\junit-jupiter-engine\5.3.1\junit-jupiter-engine-5.3.1.jar;C:\Users\Shark\.m2\repository\org\junit\platform\junit-platform-engine\1.3.1\junit-platform-engine-1.3.1.jar;C:\Users\Shark\.m2\repository\org\mockito\mockito-core\2.28.2\mockito-core-2.28.2.jar;C:\Users\Shark\.m2\repository\net\bytebuddy\byte-buddy\1.9.10\byte-buddy-1.9.10.jar;C:\Users\Shark\.m2\repository\net\bytebuddy\byte-buddy-agent\1.9.10\byte-buddy-agent-1.9.10.jar;C:\Users\Shark\.m2\repository\org\objenesis\objenesis\2.6\objenesis-2.6.jar;C:\Users\Shark\.m2\repository\junit\junit\4.13\junit-4.13.jar;C:\Users\Shark\.m2\repository\org\hamcrest\hamcrest-core\1.3\hamcrest-core-1.3.jar;"/>
    <property name="java.vm.vendor" value="Oracle Corporation"/>
    <property name="sun.arch.data.model" value="64"/>
    <property name="user.variant" value=""/>
    <property name="java.vendor.url" value="https://java.oracle.com/"/>
    <property name="user.timezone" value="Europe/Copenhagen"/>
    <property name="os.name" value="Windows 10"/>
    <property name="java.vm.specification.version" value="13"/>
    <property name="user.country" value="DK"/>
    <property name="sun.java.launcher" value="SUN_STANDARD"/>
    <property name="sun.boot.library.path" value="C:\Program Files\Java\jdk-13.0.1\bin"/>
    <property name="sun.java.command" value="C:\Users\Shark\AppData\Local\Temp\surefire10516804103217399230\surefirebooter16788182386364667749.jar C:\Users\Shark\AppData\Local\Temp\surefire10516804103217399230 2021-05-22T15-55-46_337-jvmRun1 surefire13884588515959380311tmp surefire_03230237001550380318tmp"/>
    <property name="jdk.debug" value="release"/>
    <property name="surefire.test.class.path" value="C:\Users\Shark\Desktop\SDU\Semester_4\Semesterprojekt\SemesterprojektF21\osgi-project\dk.sdu.mmmi.Enemy\target\test-classes;C:\Users\Shark\Desktop\SDU\Semester_4\Semesterprojekt\SemesterprojektF21\osgi-project\dk.sdu.mmmi.Enemy\target\classes;C:\Users\Shark\.m2\repository\org\osgi\osgi_R4_core\1.0\osgi_R4_core-1.0.jar;C:\Users\Shark\.m2\repository\org\osgi\osgi_R4_compendium\1.0\osgi_R4_compendium-1.0.jar;C:\Users\Shark\.m2\repository\org\sonatype\mcookbook\osgi-project\Common\1.0-SNAPSHOT\Common-1.0-SNAPSHOT.jar;C:\Users\Shark\.m2\repository\org\sonatype\mcookbook\osgi-project\Libgdx\1.0-SNAPSHOT-001-SNAPSHOT\Libgdx-1.0-SNAPSHOT-001-SNAPSHOT.jar;C:\Users\Shark\.m2\repository\com\badlogicgames\gdx\gdx-platform\1.5.0\gdx-platform-1.5.0.jar;C:\Users\Shark\.m2\repository\com\badlogicgames\gdx\gdx-backend-lwjgl\1.5.0\gdx-backend-lwjgl-1.5.0.jar;C:\Users\Shark\.m2\repository\org\lwjgl\lwjgl\lwjgl\2.9.1\lwjgl-2.9.1.jar;C:\Users\Shark\.m2\repository\org\lwjgl\lwjgl\lwjgl-platform\2.9.1\lwjgl-platform-2.9.1-natives-windows.jar;C:\Users\Shark\.m2\repository\org\lwjgl\lwjgl\lwjgl-platform\2.9.1\lwjgl-platform-2.9.1-natives-linux.jar;C:\Users\Shark\.m2\repository\org\lwjgl\lwjgl\lwjgl-platform\2.9.1\lwjgl-platform-2.9.1-natives-osx.jar;C:\Users\Shark\.m2\repository\net\java\jinput\jinput\2.0.5\jinput-2.0.5.jar;C:\Users\Shark\.m2\repository\net\java\jutils\jutils\1.0.0\jutils-1.0.0.jar;C:\Users\Shark\.m2\repository\net\java\jinput\jinput-platform\2.0.5\jinput-platform-2.0.5-natives-linux.jar;C:\Users\Shark\.m2\repository\net\java\jinput\jinput-platform\2.0.5\jinput-platform-2.0.5-natives-windows.jar;C:\Users\Shark\.m2\repository\net\java\jinput\jinput-platform\2.0.5\jinput-platform-2.0.5-natives-osx.jar;C:\Users\Shark\.m2\repository\org\lwjgl\lwjgl\lwjgl_util\2.9.1\lwjgl_util-2.9.1.jar;C:\Users\Shark\.m2\repository\com\badlogicgames\jlayer\jlayer\1.0.1-gdx\jlayer-1.0.1-gdx.jar;C:\Users\Shark\.m2\repository\org\jcraft\jorbis\0.0.17\jorbis-0.0.17.jar;C:\Users\Shark\.m2\repository\com\badlogicgames\gdx\gdx-box2d\1.5.0\gdx-box2d-1.5.0.jar;C:\Users\Shark\.m2\repository\com\badlogicgames\gdx\gdx-ai\1.8.1\gdx-ai-1.8.1.jar;C:\Users\Shark\.m2\repository\com\badlogicgames\gdx\gdx-freetype\1.5.0\gdx-freetype-1.5.0.jar;C:\Users\Shark\.m2\repository\com\badlogicgames\gdx\gdx-platform\1.5.0\gdx-platform-1.5.0-natives-desktop.jar;C:\Users\Shark\.m2\repository\com\badlogicgames\gdx\gdx-box2d-platform\1.5.0\gdx-box2d-platform-1.5.0-natives-desktop.jar;C:\Users\Shark\.m2\repository\com\badlogicgames\gdx\gdx-freetype-platform\1.5.0\gdx-freetype-platform-1.5.0-natives-desktop.jar;C:\Users\Shark\.m2\repository\com\badlogicgames\gdx\gdx-jnigen\1.5.0\gdx-jnigen-1.5.0.jar;C:\Users\Shark\.m2\repository\com\google\code\javaparser\javaparser\1.0.8\javaparser-1.0.8.jar;C:\Users\Shark\.m2\repository\com\diffplug\osgi\com.diffplug.osgi.extension.sun.misc\0.0.0\com.diffplug.osgi.extension.sun.misc-0.0.0.jar;C:\Users\Shark\.m2\repository\com\diffplug\osgi\com.diffplug.osgi.extension.sun.reflect\0.0.0\com.diffplug.osgi.extension.sun.reflect-0.0.0.jar;C:\Users\Shark\.m2\repository\org\osgi\org.osgi.core\4.3.0\org.osgi.core-4.3.0.jar;C:\Users\Shark\.m2\repository\org\sonatype\mcookbook\osgi-project\dk.sdu.mmmi.commonEnemy\1.0-SNAPSHOT\dk.sdu.mmmi.commonEnemy-1.0-SNAPSHOT.jar;C:\Users\Shark\.m2\repository\org\sonatype\mcookbook\osgi-project\dk.sdu.mmmi.ai\1.0-SNAPSHOT\dk.sdu.mmmi.ai-1.0-SNAPSHOT.jar;C:\Users\Shark\.m2\repository\org\sonatype\mcookbook\osgi-project\Player\1.0-SNAPSHOT\Player-1.0-SNAPSHOT.jar;C:\Users\Shark\.m2\repository\org\netbeans\api\org-openide-util-lookup\RELEASE112\org-openide-util-lookup-RELEASE112.jar;C:\Users\Shark\.m2\repository\org\sonatype\mcookbook\osgi-project\AttackSystem\1.0-SNAPSHOT\AttackSystem-1.0-SNAPSHOT.jar;C:\Users\Shark\.m2\repository\com\badlogicgames\gdx\gdx\1.9.10\gdx-1.9.10.jar;C:\Users\Shark\.m2\repository\org\junit\jupiter\junit-jupiter-api\5.3.1\junit-jupiter-api-5.3.1.jar;C:\Users\Shark\.m2\repository\org\apiguardian\apiguardian-api\1.0.0\apiguardian-api-1.0.0.jar;C:\Users\Shark\.m2\repository\org\opentest4j\opentest4j\1.1.1\opentest4j-1.1.1.jar;C:\Users\Shark\.m2\repository\org\junit\platform\junit-platform-commons\1.3.1\junit-platform-commons-1.3.1.jar;C:\Users\Shark\.m2\repository\org\junit\jupiter\junit-jupiter-params\5.3.1\junit-jupiter-params-5.3.1.jar;C:\Users\Shark\.m2\repository\org\junit\jupiter\junit-jupiter-engine\5.3.1\junit-jupiter-engine-5.3.1.jar;C:\Users\Shark\.m2\repository\org\junit\platform\junit-platform-engine\1.3.1\junit-platform-engine-1.3.1.jar;C:\Users\Shark\.m2\repository\org\mockito\mockito-core\2.28.2\mockito-core-2.28.2.jar;C:\Users\Shark\.m2\repository\net\bytebuddy\byte-buddy\1.9.10\byte-buddy-1.9.10.jar;C:\Users\Shark\.m2\repository\net\bytebuddy\byte-buddy-agent\1.9.10\byte-buddy-agent-1.9.10.jar;C:\Users\Shark\.m2\repository\org\objenesis\objenesis\2.6\objenesis-2.6.jar;C:\Users\Shark\.m2\repository\junit\junit\4.13\junit-4.13.jar;C:\Users\Shark\.m2\repository\org\hamcrest\hamcrest-core\1.3\hamcrest-core-1.3.jar;"/>
    <property name="sun.cpu.endian" value="little"/>
    <property name="user.home" value="C:\Users\Shark"/>
    <property name="user.language" value="da"/>
    <property name="java.specification.vendor" value="Oracle Corporation"/>
    <property name="java.version.date" value="2019-10-15"/>
    <property name="java.home" value="C:\Program Files\Java\jdk-13.0.1"/>
    <property name="file.separator" value="\"/>
    <property name="basedir" value="C:\Users\Shark\Desktop\SDU\Semester_4\Semesterprojekt\SemesterprojektF21\osgi-project\dk.sdu.mmmi.Enemy"/>
    <property name="java.vm.compressedOopsMode" value="32-bit"/>
    <property name="line.separator" value="&#10;"/>
    <property name="java.vm.specification.vendor" value="Oracle Corporation"/>
    <property name="java.specification.name" value="Java Platform API Specification"/>
    <property name="surefire.real.class.path" value="C:\Users\Shark\AppData\Local\Temp\surefire10516804103217399230\surefirebooter16788182386364667749.jar"/>
    <property name="user.script" value=""/>
    <property name="sun.management.compiler" value="HotSpot 64-Bit Tiered Compilers"/>
    <property name="java.runtime.version" value="13.0.1+9"/>
    <property name="user.name" value="Shark"/>
    <property name="path.separator" value=";"/>
    <property name="os.version" value="10.0"/>
    <property name="java.runtime.name" value="Java(TM) SE Runtime Environment"/>
    <property name="file.encoding" value="Cp1252"/>
    <property name="java.vm.name" value="Java HotSpot(TM) 64-Bit Server VM"/>
    <property name="maven.ext.class.path" value="C:\Program Files\NetBeans-11.2\netbeans\java\maven-nblib\netbeans-eventspy.jar"/>
    <property name="localRepository" value="C:\Users\Shark\.m2\repository"/>
    <property name="java.vendor.url.bug" value="https://bugreport.java.com/bugreport/"/>
    <property name="java.io.tmpdir" value="C:\Users\Shark\AppData\Local\Temp\"/>
    <property name="java.version" value="13.0.1"/>
    <property name="user.dir" value="C:\Users\Shark\Desktop\SDU\Semester_4\Semesterprojekt\SemesterprojektF21\osgi-project\dk.sdu.mmmi.Enemy"/>
    <property name="os.arch" value="amd64"/>
    <property name="java.vm.specification.name" value="Java Virtual Machine Specification"/>
    <property name="sun.os.patch.level" value=""/>
    <property name="java.library.path" value="C:\Program Files\Java\jdk-13.0.1\bin;C:\WINDOWS\Sun\Java\bin;C:\WINDOWS\system32;C:\WINDOWS;C:\Program Files\AdoptOpenJDK\jdk-8.0.282.8-hotspot\bin;C:\Program Files (x86)\Common Files\Oracle\Java\javapath;C:\Program Files (x86)\Razer Chroma SDK\bin;C:\Program Files\Razer Chroma SDK\bin;C:\ProgramData\Oracle\Java\javapath;C:\Program Files (x86)\Intel\iCLS Client\;C:\Program Files\Intel\iCLS Client\;C:\Windows\system32;C:\Windows;C:\Windows\System32\Wbem;C:\Windows\System32\WindowsPowerShell\v1.0\;C:\Program Files\Intel\Intel(R) Management Engine Components\DAL;C:\Program Files\Intel\Intel(R) Management Engine Components\IPT;C:\Program Files (x86)\Intel\Intel(R) Management Engine Components\DAL;C:\Program Files (x86)\Intel\Intel(R) Management Engine Components\IPT;C:\Program Files (x86)\Windows Live\Shared;C:\Program Files (x86)\NVIDIA Corporation\PhysX\Common;C:\WINDOWS\system32;C:\WINDOWS;C:\WINDOWS\System32\Wbem;C:\WINDOWS\System32\WindowsPowerShell\v1.0\;C:\WINDOWS\system32;C:\WINDOWS;C:\WINDOWS\System32\Wbem;C:\WINDOWS\System32\WindowsPowerShell\v1.0\;C:\WINDOWS\system32\config\systemprofile\AppData\Local\Microsoft\WindowsApps;C:\WINDOWS\System32\OpenSSH\;C:\Program Files\NVIDIA Corporation\NVIDIA NvDLISR;C:\Program Files\Git\cmd;C:\Users\Shark\Documents\apacheMaven\apache-maven-3.8.1-bin\apache-maven-3.8.1;C:\Users\Shark\Documents\apacheMaven\apache-maven-3.8.1-bin\apache-maven-3.8.1\bin;C:\Users\Shark\AppData\Local\Microsoft\WindowsApps;;."/>
    <property name="java.vm.info" value="mixed mode, sharing"/>
    <property name="java.vendor" value="Oracle Corporation"/>
    <property name="java.vm.version" value="13.0.1+9"/>
    <property name="sun.io.unicode.encoding" value="UnicodeLittle"/>
    <property name="java.class.version" value="57.0"/>
  </properties>
  <testcase name="testProcess" classname="dk.sdu.mmmi.Enemy.EnemyProcessorTest" time="0.015">
    <failure type="org.opentest4j.AssertionFailedError"><![CDATA[org.opentest4j.AssertionFailedError: expected: not equal but was: <0.0>
	at dk.sdu.mmmi.Enemy.EnemyProcessorTest.testProcess(EnemyProcessorTest.java:130)
]]></failure>
  </testcase>
</testsuite>