<?xml version="1.0" encoding="UTF-8"?>
<testsuite xmlns:xsi="http://www.w3.org/2001/XMLSchema-instance" xsi:noNamespaceSchemaLocation="https://maven.apache.org/surefire/maven-surefire-plugin/xsd/surefire-test-report-3.0.xsd" version="3.0" name="Tests.MovementTest" time="0.096" tests="1" errors="0" skipped="0" failures="0">
  <properties>
    <property name="sun.desktop" value="windows"/>
    <property name="awt.toolkit" value="sun.awt.windows.WToolkit"/>
    <property name="file.encoding.pkg" value="sun.io"/>
    <property name="java.specification.version" value="1.8"/>
    <property name="sun.cpu.isalist" value="amd64"/>
    <property name="sun.jnu.encoding" value="Cp1252"/>
    <property name="java.class.path" value="C:\Users\Daniel Tran\IdeaProjects\SemesterprojektF21\osgi-project\dk.sdu.mmmi.player\target\test-classes;C:\Users\Daniel Tran\IdeaProjects\SemesterprojektF21\osgi-project\dk.sdu.mmmi.player\target\classes;C:\Users\Daniel Tran\.m2\repository\org\osgi\osgi_R4_core\1.0\osgi_R4_core-1.0.jar;C:\Users\Daniel Tran\.m2\repository\org\osgi\osgi_R4_compendium\1.0\osgi_R4_compendium-1.0.jar;C:\Users\Daniel Tran\.m2\repository\org\netbeans\api\org-openide-util-lookup\RELEASE112\org-openide-util-lookup-RELEASE112.jar;C:\Users\Daniel Tran\.m2\repository\org\sonatype\mcookbook\osgi-project\Common\1.0-SNAPSHOT\Common-1.0-SNAPSHOT.jar;C:\Users\Daniel Tran\.m2\repository\org\sonatype\mcookbook\osgi-project\Libgdx\1.0-SNAPSHOT-001-SNAPSHOT\Libgdx-1.0-SNAPSHOT-001-SNAPSHOT.jar;C:\Users\Daniel Tran\.m2\repository\com\badlogicgames\gdx\gdx\1.9.10\gdx-1.9.10.jar;C:\Users\Daniel Tran\.m2\repository\com\badlogicgames\gdx\gdx-platform\1.5.0\gdx-platform-1.5.0.jar;C:\Users\Daniel Tran\.m2\repository\com\badlogicgames\gdx\gdx-backend-lwjgl\1.5.0\gdx-backend-lwjgl-1.5.0.jar;C:\Users\Daniel Tran\.m2\repository\org\lwjgl\lwjgl\lwjgl\2.9.1\lwjgl-2.9.1.jar;C:\Users\Daniel Tran\.m2\repository\org\lwjgl\lwjgl\lwjgl-platform\2.9.1\lwjgl-platform-2.9.1-natives-windows.jar;C:\Users\Daniel Tran\.m2\repository\org\lwjgl\lwjgl\lwjgl-platform\2.9.1\lwjgl-platform-2.9.1-natives-linux.jar;C:\Users\Daniel Tran\.m2\repository\org\lwjgl\lwjgl\lwjgl-platform\2.9.1\lwjgl-platform-2.9.1-natives-osx.jar;C:\Users\Daniel Tran\.m2\repository\net\java\jinput\jinput\2.0.5\jinput-2.0.5.jar;C:\Users\Daniel Tran\.m2\repository\net\java\jutils\jutils\1.0.0\jutils-1.0.0.jar;C:\Users\Daniel Tran\.m2\repository\net\java\jinput\jinput-platform\2.0.5\jinput-platform-2.0.5-natives-linux.jar;C:\Users\Daniel Tran\.m2\repository\net\java\jinput\jinput-platform\2.0.5\jinput-platform-2.0.5-natives-windows.jar;C:\Users\Daniel Tran\.m2\repository\net\java\jinput\jinput-platform\2.0.5\jinput-platform-2.0.5-natives-osx.jar;C:\Users\Daniel Tran\.m2\repository\org\lwjgl\lwjgl\lwjgl_util\2.9.1\lwjgl_util-2.9.1.jar;C:\Users\Daniel Tran\.m2\repository\com\badlogicgames\jlayer\jlayer\1.0.1-gdx\jlayer-1.0.1-gdx.jar;C:\Users\Daniel Tran\.m2\repository\org\jcraft\jorbis\0.0.17\jorbis-0.0.17.jar;C:\Users\Daniel Tran\.m2\repository\com\badlogicgames\gdx\gdx-box2d\1.5.0\gdx-box2d-1.5.0.jar;C:\Users\Daniel Tran\.m2\repository\com\badlogicgames\gdx\gdx-ai\1.8.1\gdx-ai-1.8.1.jar;C:\Users\Daniel Tran\.m2\repository\com\badlogicgames\gdx\gdx-freetype\1.5.0\gdx-freetype-1.5.0.jar;C:\Users\Daniel Tran\.m2\repository\com\badlogicgames\gdx\gdx-platform\1.5.0\gdx-platform-1.5.0-natives-desktop.jar;C:\Users\Daniel Tran\.m2\repository\com\badlogicgames\gdx\gdx-box2d-platform\1.5.0\gdx-box2d-platform-1.5.0-natives-desktop.jar;C:\Users\Daniel Tran\.m2\repository\com\badlogicgames\gdx\gdx-freetype-platform\1.5.0\gdx-freetype-platform-1.5.0-natives-desktop.jar;C:\Users\Daniel Tran\.m2\repository\com\badlogicgames\gdx\gdx-jnigen\1.5.0\gdx-jnigen-1.5.0.jar;C:\Users\Daniel Tran\.m2\repository\com\google\code\javaparser\javaparser\1.0.8\javaparser-1.0.8.jar;C:\Users\Daniel Tran\.m2\repository\com\diffplug\osgi\com.diffplug.osgi.extension.sun.misc\0.0.0\com.diffplug.osgi.extension.sun.misc-0.0.0.jar;C:\Users\Daniel Tran\.m2\repository\com\diffplug\osgi\com.diffplug.osgi.extension.sun.reflect\0.0.0\com.diffplug.osgi.extension.sun.reflect-0.0.0.jar;C:\Users\Daniel Tran\.m2\repository\org\osgi\org.osgi.core\4.3.0\org.osgi.core-4.3.0.jar;C:\Users\Daniel Tran\.m2\repository\org\sonatype\mcookbook\osgi-project\AttackSystem\1.0-SNAPSHOT\AttackSystem-1.0-SNAPSHOT.jar;C:\Users\Daniel Tran\.m2\repository\org\junit\jupiter\junit-jupiter-api\5.6.0\junit-jupiter-api-5.6.0.jar;C:\Users\Daniel Tran\.m2\repository\org\apiguardian\apiguardian-api\1.1.0\apiguardian-api-1.1.0.jar;C:\Users\Daniel Tran\.m2\repository\org\opentest4j\opentest4j\1.2.0\opentest4j-1.2.0.jar;C:\Users\Daniel Tran\.m2\repository\org\junit\platform\junit-platform-commons\1.6.0\junit-platform-commons-1.6.0.jar;C:\Users\Daniel Tran\.m2\repository\org\junit\jupiter\junit-jupiter-params\5.6.0\junit-jupiter-params-5.6.0.jar;C:\Users\Daniel Tran\.m2\repository\org\junit\jupiter\junit-jupiter-engine\5.6.0\junit-jupiter-engine-5.6.0.jar;C:\Users\Daniel Tran\.m2\repository\org\junit\platform\junit-platform-engine\1.6.0\junit-platform-engine-1.6.0.jar;C:\Users\Daniel Tran\.m2\repository\org\mockito\mockito-core\3.7.7\mockito-core-3.7.7.jar;C:\Users\Daniel Tran\.m2\repository\net\bytebuddy\byte-buddy\1.10.19\byte-buddy-1.10.19.jar;C:\Users\Daniel Tran\.m2\repository\net\bytebuddy\byte-buddy-agent\1.10.19\byte-buddy-agent-1.10.19.jar;C:\Users\Daniel Tran\.m2\repository\org\objenesis\objenesis\3.1\objenesis-3.1.jar;"/>
    <property name="java.vm.vendor" value="Oracle Corporation"/>
    <property name="sun.arch.data.model" value="64"/>
    <property name="user.variant" value=""/>
    <property name="java.vendor.url" value="http://java.oracle.com/"/>
    <property name="user.timezone" value="Europe/Paris"/>
    <property name="java.vm.specification.version" value="1.8"/>
    <property name="os.name" value="Windows 10"/>
    <property name="sun.java.launcher" value="SUN_STANDARD"/>
    <property name="user.country" value="DK"/>
    <property name="sun.boot.library.path" value="C:\Program Files\Java\jdk1.8.0_281\jre\bin"/>
    <property name="sun.java.command" value="C:\Users\Daniel Tran\AppData\Local\Temp\surefire8797438557687295486\surefirebooter7489817292256433116.jar C:\Users\Daniel Tran\AppData\Local\Temp\surefire8797438557687295486 2021-05-22T15-25-25_607-jvmRun1 surefire3914247717885866577tmp surefire_03628015928592414832tmp"/>
    <property name="test" value="Tests.MovementTest"/>
    <property name="surefire.test.class.path" value="C:\Users\Daniel Tran\IdeaProjects\SemesterprojektF21\osgi-project\dk.sdu.mmmi.player\target\test-classes;C:\Users\Daniel Tran\IdeaProjects\SemesterprojektF21\osgi-project\dk.sdu.mmmi.player\target\classes;C:\Users\Daniel Tran\.m2\repository\org\osgi\osgi_R4_core\1.0\osgi_R4_core-1.0.jar;C:\Users\Daniel Tran\.m2\repository\org\osgi\osgi_R4_compendium\1.0\osgi_R4_compendium-1.0.jar;C:\Users\Daniel Tran\.m2\repository\org\netbeans\api\org-openide-util-lookup\RELEASE112\org-openide-util-lookup-RELEASE112.jar;C:\Users\Daniel Tran\.m2\repository\org\sonatype\mcookbook\osgi-project\Common\1.0-SNAPSHOT\Common-1.0-SNAPSHOT.jar;C:\Users\Daniel Tran\.m2\repository\org\sonatype\mcookbook\osgi-project\Libgdx\1.0-SNAPSHOT-001-SNAPSHOT\Libgdx-1.0-SNAPSHOT-001-SNAPSHOT.jar;C:\Users\Daniel Tran\.m2\repository\com\badlogicgames\gdx\gdx\1.9.10\gdx-1.9.10.jar;C:\Users\Daniel Tran\.m2\repository\com\badlogicgames\gdx\gdx-platform\1.5.0\gdx-platform-1.5.0.jar;C:\Users\Daniel Tran\.m2\repository\com\badlogicgames\gdx\gdx-backend-lwjgl\1.5.0\gdx-backend-lwjgl-1.5.0.jar;C:\Users\Daniel Tran\.m2\repository\org\lwjgl\lwjgl\lwjgl\2.9.1\lwjgl-2.9.1.jar;C:\Users\Daniel Tran\.m2\repository\org\lwjgl\lwjgl\lwjgl-platform\2.9.1\lwjgl-platform-2.9.1-natives-windows.jar;C:\Users\Daniel Tran\.m2\repository\org\lwjgl\lwjgl\lwjgl-platform\2.9.1\lwjgl-platform-2.9.1-natives-linux.jar;C:\Users\Daniel Tran\.m2\repository\org\lwjgl\lwjgl\lwjgl-platform\2.9.1\lwjgl-platform-2.9.1-natives-osx.jar;C:\Users\Daniel Tran\.m2\repository\net\java\jinput\jinput\2.0.5\jinput-2.0.5.jar;C:\Users\Daniel Tran\.m2\repository\net\java\jutils\jutils\1.0.0\jutils-1.0.0.jar;C:\Users\Daniel Tran\.m2\repository\net\java\jinput\jinput-platform\2.0.5\jinput-platform-2.0.5-natives-linux.jar;C:\Users\Daniel Tran\.m2\repository\net\java\jinput\jinput-platform\2.0.5\jinput-platform-2.0.5-natives-windows.jar;C:\Users\Daniel Tran\.m2\repository\net\java\jinput\jinput-platform\2.0.5\jinput-platform-2.0.5-natives-osx.jar;C:\Users\Daniel Tran\.m2\repository\org\lwjgl\lwjgl\lwjgl_util\2.9.1\lwjgl_util-2.9.1.jar;C:\Users\Daniel Tran\.m2\repository\com\badlogicgames\jlayer\jlayer\1.0.1-gdx\jlayer-1.0.1-gdx.jar;C:\Users\Daniel Tran\.m2\repository\org\jcraft\jorbis\0.0.17\jorbis-0.0.17.jar;C:\Users\Daniel Tran\.m2\repository\com\badlogicgames\gdx\gdx-box2d\1.5.0\gdx-box2d-1.5.0.jar;C:\Users\Daniel Tran\.m2\repository\com\badlogicgames\gdx\gdx-ai\1.8.1\gdx-ai-1.8.1.jar;C:\Users\Daniel Tran\.m2\repository\com\badlogicgames\gdx\gdx-freetype\1.5.0\gdx-freetype-1.5.0.jar;C:\Users\Daniel Tran\.m2\repository\com\badlogicgames\gdx\gdx-platform\1.5.0\gdx-platform-1.5.0-natives-desktop.jar;C:\Users\Daniel Tran\.m2\repository\com\badlogicgames\gdx\gdx-box2d-platform\1.5.0\gdx-box2d-platform-1.5.0-natives-desktop.jar;C:\Users\Daniel Tran\.m2\repository\com\badlogicgames\gdx\gdx-freetype-platform\1.5.0\gdx-freetype-platform-1.5.0-natives-desktop.jar;C:\Users\Daniel Tran\.m2\repository\com\badlogicgames\gdx\gdx-jnigen\1.5.0\gdx-jnigen-1.5.0.jar;C:\Users\Daniel Tran\.m2\repository\com\google\code\javaparser\javaparser\1.0.8\javaparser-1.0.8.jar;C:\Users\Daniel Tran\.m2\repository\com\diffplug\osgi\com.diffplug.osgi.extension.sun.misc\0.0.0\com.diffplug.osgi.extension.sun.misc-0.0.0.jar;C:\Users\Daniel Tran\.m2\repository\com\diffplug\osgi\com.diffplug.osgi.extension.sun.reflect\0.0.0\com.diffplug.osgi.extension.sun.reflect-0.0.0.jar;C:\Users\Daniel Tran\.m2\repository\org\osgi\org.osgi.core\4.3.0\org.osgi.core-4.3.0.jar;C:\Users\Daniel Tran\.m2\repository\org\sonatype\mcookbook\osgi-project\AttackSystem\1.0-SNAPSHOT\AttackSystem-1.0-SNAPSHOT.jar;C:\Users\Daniel Tran\.m2\repository\org\junit\jupiter\junit-jupiter-api\5.6.0\junit-jupiter-api-5.6.0.jar;C:\Users\Daniel Tran\.m2\repository\org\apiguardian\apiguardian-api\1.1.0\apiguardian-api-1.1.0.jar;C:\Users\Daniel Tran\.m2\repository\org\opentest4j\opentest4j\1.2.0\opentest4j-1.2.0.jar;C:\Users\Daniel Tran\.m2\repository\org\junit\platform\junit-platform-commons\1.6.0\junit-platform-commons-1.6.0.jar;C:\Users\Daniel Tran\.m2\repository\org\junit\jupiter\junit-jupiter-params\5.6.0\junit-jupiter-params-5.6.0.jar;C:\Users\Daniel Tran\.m2\repository\org\junit\jupiter\junit-jupiter-engine\5.6.0\junit-jupiter-engine-5.6.0.jar;C:\Users\Daniel Tran\.m2\repository\org\junit\platform\junit-platform-engine\1.6.0\junit-platform-engine-1.6.0.jar;C:\Users\Daniel Tran\.m2\repository\org\mockito\mockito-core\3.7.7\mockito-core-3.7.7.jar;C:\Users\Daniel Tran\.m2\repository\net\bytebuddy\byte-buddy\1.10.19\byte-buddy-1.10.19.jar;C:\Users\Daniel Tran\.m2\repository\net\bytebuddy\byte-buddy-agent\1.10.19\byte-buddy-agent-1.10.19.jar;C:\Users\Daniel Tran\.m2\repository\org\objenesis\objenesis\3.1\objenesis-3.1.jar;"/>
    <property name="sun.cpu.endian" value="little"/>
    <property name="user.home" value="C:\Users\Daniel Tran"/>
    <property name="user.language" value="da"/>
    <property name="java.specification.vendor" value="Oracle Corporation"/>
    <property name="java.home" value="C:\Program Files\Java\jdk1.8.0_281\jre"/>
    <property name="basedir" value="C:\Users\Daniel Tran\IdeaProjects\SemesterprojektF21\osgi-project\dk.sdu.mmmi.player"/>
    <property name="file.separator" value="\"/>
    <property name="line.separator" value="&#10;"/>
    <property name="java.vm.specification.vendor" value="Oracle Corporation"/>
    <property name="java.specification.name" value="Java Platform API Specification"/>
    <property name="java.awt.graphicsenv" value="sun.awt.Win32GraphicsEnvironment"/>
    <property name="surefire.real.class.path" value="C:\Users\Daniel Tran\AppData\Local\Temp\surefire8797438557687295486\surefirebooter7489817292256433116.jar"/>
    <property name="sun.boot.class.path" value="C:\Program Files\Java\jdk1.8.0_281\jre\lib\resources.jar;C:\Program Files\Java\jdk1.8.0_281\jre\lib\rt.jar;C:\Program Files\Java\jdk1.8.0_281\jre\lib\sunrsasign.jar;C:\Program Files\Java\jdk1.8.0_281\jre\lib\jsse.jar;C:\Program Files\Java\jdk1.8.0_281\jre\lib\jce.jar;C:\Program Files\Java\jdk1.8.0_281\jre\lib\charsets.jar;C:\Program Files\Java\jdk1.8.0_281\jre\lib\jfr.jar;C:\Program Files\Java\jdk1.8.0_281\jre\classes"/>
    <property name="user.script" value=""/>
    <property name="sun.management.compiler" value="HotSpot 64-Bit Tiered Compilers"/>
    <property name="java.runtime.version" value="1.8.0_281-b09"/>
    <property name="user.name" value="Daniel Tran"/>
    <property name="path.separator" value=";"/>
    <property name="os.version" value="10.0"/>
    <property name="java.endorsed.dirs" value="C:\Program Files\Java\jdk1.8.0_281\jre\lib\endorsed"/>
    <property name="java.runtime.name" value="Java(TM) SE Runtime Environment"/>
    <property name="file.encoding" value="Cp1252"/>
    <property name="java.vm.name" value="Java HotSpot(TM) 64-Bit Server VM"/>
    <property name="maven.ext.class.path" value="C:\Program Files\NetBeans-12.3\netbeans\java\maven-nblib\netbeans-eventspy.jar"/>
    <property name="localRepository" value="C:\Users\Daniel Tran\.m2\repository"/>
    <property name="java.vendor.url.bug" value="http://bugreport.sun.com/bugreport/"/>
    <property name="java.io.tmpdir" value="C:\Users\DANIEL~1\AppData\Local\Temp\"/>
    <property name="java.version" value="1.8.0_281"/>
    <property name="user.dir" value="C:\Users\Daniel Tran\IdeaProjects\SemesterprojektF21\osgi-project\dk.sdu.mmmi.player"/>
    <property name="os.arch" value="amd64"/>
    <property name="java.vm.specification.name" value="Java Virtual Machine Specification"/>
    <property name="java.awt.printerjob" value="sun.awt.windows.WPrinterJob"/>
    <property name="sun.os.patch.level" value=""/>
    <property name="java.library.path" value="C:\Program Files\Java\jdk1.8.0_281\jre\bin;C:\WINDOWS\Sun\Java\bin;C:\WINDOWS\system32;C:\WINDOWS;C:\Program Files (x86)\Common Files\Oracle\Java\javapath;C:\WINDOWS\system32;C:\WINDOWS;C:\WINDOWS\System32\Wbem;C:\WINDOWS\System32\WindowsPowerShell\v1.0\;C:\WINDOWS\System32\OpenSSH\;C:\Program Files (x86)\NVIDIA Corporation\PhysX\Common;C:\Program Files\Git\cmd;C:\Program Files\NVIDIA Corporation\NVIDIA NvDLISR;C:\WINDOWS\system32;C:\WINDOWS;C:\WINDOWS\System32\Wbem;C:\WINDOWS\System32\WindowsPowerShell\v1.0\;C:\WINDOWS\System32\OpenSSH\;C:\Program Files\nodejs\;C:\Program Files\apache-ant-1.9.15\bin;C:\Program Files\Java\jdk-16\bin;C:\Program Files\Maven\apache-maven-3.8.1\bin;C:\Users\Daniel Tran\AppData\Local\Microsoft\WindowsApps;C:\Users\Daniel Tran\AppData\Local\Programs\Microsoft VS Code\bin;C:\Users\Daniel Tran\AppData\Roaming\npm;C:\Users\Daniel Tran\AppData\Local\gitkraken\bin;."/>
    <property name="java.vm.info" value="mixed mode"/>
    <property name="java.vendor" value="Oracle Corporation"/>
    <property name="java.vm.version" value="25.281-b09"/>
    <property name="java.ext.dirs" value="C:\Program Files\Java\jdk1.8.0_281\jre\lib\ext;C:\WINDOWS\Sun\Java\lib\ext"/>
    <property name="sun.io.unicode.encoding" value="UnicodeLittle"/>
    <property name="java.class.version" value="52.0"/>
  </properties>
  <testcase name="playerMovementTest" classname="Tests.MovementTest" time="0.085"/>
</testsuite>